mode: set
C:\Users\Costa\Documents\Google\Public\postfixcalculator\src\rpn.go:14.35,20.22 5 1
C:\Users\Costa\Documents\Google\Public\postfixcalculator\src\rpn.go:51.2,52.12 2 1
C:\Users\Costa\Documents\Google\Public\postfixcalculator\src\rpn.go:20.22,25.40 3 1
C:\Users\Costa\Documents\Google\Public\postfixcalculator\src\rpn.go:29.3,30.29 2 1
C:\Users\Costa\Documents\Google\Public\postfixcalculator\src\rpn.go:25.40,28.4 2 1
C:\Users\Costa\Documents\Google\Public\postfixcalculator\src\rpn.go:30.29,32.69 1 1
C:\Users\Costa\Documents\Google\Public\postfixcalculator\src\rpn.go:36.4,37.53 2 1
C:\Users\Costa\Documents\Google\Public\postfixcalculator\src\rpn.go:32.69,33.36 1 0
C:\Users\Costa\Documents\Google\Public\postfixcalculator\src\rpn.go:38.9,40.69 1 1
C:\Users\Costa\Documents\Google\Public\postfixcalculator\src\rpn.go:43.4,43.70 1 1
C:\Users\Costa\Documents\Google\Public\postfixcalculator\src\rpn.go:46.4,48.55 2 1
C:\Users\Costa\Documents\Google\Public\postfixcalculator\src\rpn.go:40.69,41.34 1 0
C:\Users\Costa\Documents\Google\Public\postfixcalculator\src\rpn.go:43.70,44.35 1 0
C:\Users\Costa\Documents\Google\Public\postfixcalculator\src\rpn.go:55.75,56.19 1 1
C:\Users\Costa\Documents\Google\Public\postfixcalculator\src\rpn.go:57.11,58.58 1 1
C:\Users\Costa\Documents\Google\Public\postfixcalculator\src\rpn.go:59.11,60.58 1 1
C:\Users\Costa\Documents\Google\Public\postfixcalculator\src\rpn.go:61.11,62.58 1 1
C:\Users\Costa\Documents\Google\Public\postfixcalculator\src\rpn.go:63.11,64.58 1 1
C:\Users\Costa\Documents\Google\Public\postfixcalculator\src\rpn.go:65.11,66.69 1 1
C:\Users\Costa\Documents\Google\Public\postfixcalculator\src\rpn.go:67.10,68.28 1 0
C:\Users\Costa\Documents\Google\Public\postfixcalculator\src\rpn_emulating_stack.go:18.46,20.44 2 1
C:\Users\Costa\Documents\Google\Public\postfixcalculator\src\rpn_emulating_stack.go:50.2,50.17 1 1
C:\Users\Costa\Documents\Google\Public\postfixcalculator\src\rpn_emulating_stack.go:20.44,21.14 1 1
C:\Users\Costa\Documents\Google\Public\postfixcalculator\src\rpn_emulating_stack.go:22.12,24.32 2 1
C:\Users\Costa\Documents\Google\Public\postfixcalculator\src\rpn_emulating_stack.go:25.12,27.32 2 1
C:\Users\Costa\Documents\Google\Public\postfixcalculator\src\rpn_emulating_stack.go:28.12,30.32 2 1
C:\Users\Costa\Documents\Google\Public\postfixcalculator\src\rpn_emulating_stack.go:31.12,33.32 2 1
C:\Users\Costa\Documents\Google\Public\postfixcalculator\src\rpn_emulating_stack.go:34.12,37.32 2 1
C:\Users\Costa\Documents\Google\Public\postfixcalculator\src\rpn_emulating_stack.go:38.15,40.35 1 1
C:\Users\Costa\Documents\Google\Public\postfixcalculator\src\rpn_emulating_stack.go:42.11,43.57 1 1
C:\Users\Costa\Documents\Google\Public\postfixcalculator\src\rpn_emulating_stack.go:43.57,44.53 1 1
C:\Users\Costa\Documents\Google\Public\postfixcalculator\src\rpn_emulating_stack.go:45.10,47.5 1 1
C:\Users\Costa\Documents\Google\Public\postfixcalculator\src\rpn_operators_list.go:21.48,28.22 7 1
C:\Users\Costa\Documents\Google\Public\postfixcalculator\src\rpn_operators_list.go:78.2,79.12 2 1
C:\Users\Costa\Documents\Google\Public\postfixcalculator\src\rpn_operators_list.go:28.22,31.31 3 1
C:\Users\Costa\Documents\Google\Public\postfixcalculator\src\rpn_operators_list.go:31.31,32.33 1 1
C:\Users\Costa\Documents\Google\Public\postfixcalculator\src\rpn_operators_list.go:73.4,73.26 1 1
C:\Users\Costa\Documents\Google\Public\postfixcalculator\src\rpn_operators_list.go:32.33,33.16 1 1
C:\Users\Costa\Documents\Google\Public\postfixcalculator\src\rpn_operators_list.go:33.16,34.21 1 1
C:\Users\Costa\Documents\Google\Public\postfixcalculator\src\rpn_operators_list.go:69.6,70.11 2 1
C:\Users\Costa\Documents\Google\Public\postfixcalculator\src\rpn_operators_list.go:34.21,36.72 1 1
C:\Users\Costa\Documents\Google\Public\postfixcalculator\src\rpn_operators_list.go:40.7,41.56 2 1
C:\Users\Costa\Documents\Google\Public\postfixcalculator\src\rpn_operators_list.go:36.72,37.39 1 0
C:\Users\Costa\Documents\Google\Public\postfixcalculator\src\rpn_operators_list.go:42.12,44.75 1 1
C:\Users\Costa\Documents\Google\Public\postfixcalculator\src\rpn_operators_list.go:47.7,47.76 1 1
C:\Users\Costa\Documents\Google\Public\postfixcalculator\src\rpn_operators_list.go:50.7,50.17 1 1
C:\Users\Costa\Documents\Google\Public\postfixcalculator\src\rpn_operators_list.go:66.7,66.58 1 1
C:\Users\Costa\Documents\Google\Public\postfixcalculator\src\rpn_operators_list.go:44.75,45.37 1 0
C:\Users\Costa\Documents\Google\Public\postfixcalculator\src\rpn_operators_list.go:47.76,48.38 1 0
C:\Users\Costa\Documents\Google\Public\postfixcalculator\src\rpn_operators_list.go:51.16,52.73 1 1
C:\Users\Costa\Documents\Google\Public\postfixcalculator\src\rpn_operators_list.go:53.16,54.73 1 1
C:\Users\Costa\Documents\Google\Public\postfixcalculator\src\rpn_operators_list.go:55.16,56.73 1 1
C:\Users\Costa\Documents\Google\Public\postfixcalculator\src\rpn_operators_list.go:57.16,58.73 1 1
C:\Users\Costa\Documents\Google\Public\postfixcalculator\src\rpn_operators_list.go:59.16,60.84 1 1
C:\Users\Costa\Documents\Google\Public\postfixcalculator\src\rpn_operators_list.go:61.15,62.33 1 0
C:\Users\Costa\Documents\Google\Public\postfixcalculator\src\rpn_operators_list.go:73.26,74.10 1 1
C:\Users\Costa\Documents\Google\Public\postfixcalculator\src\rpn_operators_no_fields.go:22.55,27.22 5 1
C:\Users\Costa\Documents\Google\Public\postfixcalculator\src\rpn_operators_no_fields.go:71.2,72.12 2 1
C:\Users\Costa\Documents\Google\Public\postfixcalculator\src\rpn_operators_no_fields.go:27.22,29.31 2 1
C:\Users\Costa\Documents\Google\Public\postfixcalculator\src\rpn_operators_no_fields.go:29.31,30.42 1 1
C:\Users\Costa\Documents\Google\Public\postfixcalculator\src\rpn_operators_no_fields.go:30.42,32.20 1 1
C:\Users\Costa\Documents\Google\Public\postfixcalculator\src\rpn_operators_no_fields.go:67.5,67.10 1 1
C:\Users\Costa\Documents\Google\Public\postfixcalculator\src\rpn_operators_no_fields.go:32.20,35.20 2 1
C:\Users\Costa\Documents\Google\Public\postfixcalculator\src\rpn_operators_no_fields.go:38.6,39.55 2 1
C:\Users\Costa\Documents\Google\Public\postfixcalculator\src\rpn_operators_no_fields.go:35.20,36.38 1 0
C:\Users\Costa\Documents\Google\Public\postfixcalculator\src\rpn_operators_no_fields.go:40.11,42.74 1 1
C:\Users\Costa\Documents\Google\Public\postfixcalculator\src\rpn_operators_no_fields.go:45.6,45.75 1 1
C:\Users\Costa\Documents\Google\Public\postfixcalculator\src\rpn_operators_no_fields.go:49.6,49.15 1 1
C:\Users\Costa\Documents\Google\Public\postfixcalculator\src\rpn_operators_no_fields.go:64.6,64.57 1 1
C:\Users\Costa\Documents\Google\Public\postfixcalculator\src\rpn_operators_no_fields.go:42.74,43.36 1 0
C:\Users\Costa\Documents\Google\Public\postfixcalculator\src\rpn_operators_no_fields.go:45.75,46.37 1 0
C:\Users\Costa\Documents\Google\Public\postfixcalculator\src\rpn_operators_no_fields.go:50.15,51.72 1 1
C:\Users\Costa\Documents\Google\Public\postfixcalculator\src\rpn_operators_no_fields.go:52.15,53.72 1 1
C:\Users\Costa\Documents\Google\Public\postfixcalculator\src\rpn_operators_no_fields.go:54.15,55.72 1 1
C:\Users\Costa\Documents\Google\Public\postfixcalculator\src\rpn_operators_no_fields.go:56.15,57.72 1 1
C:\Users\Costa\Documents\Google\Public\postfixcalculator\src\rpn_operators_no_fields.go:58.15,59.83 1 1
C:\Users\Costa\Documents\Google\Public\postfixcalculator\src\rpn_operators_no_fields.go:60.14,61.32 1 0
C:\Users\Costa\Documents\Google\Public\postfixcalculator\src\rpn_slow_turing_machine.go:21.52,26.25 5 1
C:\Users\Costa\Documents\Google\Public\postfixcalculator\src\rpn_slow_turing_machine.go:95.2,95.19 1 1
C:\Users\Costa\Documents\Google\Public\postfixcalculator\src\rpn_slow_turing_machine.go:26.25,28.41 2 1
C:\Users\Costa\Documents\Google\Public\postfixcalculator\src\rpn_slow_turing_machine.go:28.41,35.36 2 1
C:\Users\Costa\Documents\Google\Public\postfixcalculator\src\rpn_slow_turing_machine.go:47.4,47.19 1 1
C:\Users\Costa\Documents\Google\Public\postfixcalculator\src\rpn_slow_turing_machine.go:84.4,85.13 2 1
C:\Users\Costa\Documents\Google\Public\postfixcalculator\src\rpn_slow_turing_machine.go:35.36,36.24 1 1
C:\Users\Costa\Documents\Google\Public\postfixcalculator\src\rpn_slow_turing_machine.go:36.24,38.6 1 1
C:\Users\Costa\Documents\Google\Public\postfixcalculator\src\rpn_slow_turing_machine.go:38.11,38.33 1 1
C:\Users\Costa\Documents\Google\Public\postfixcalculator\src\rpn_slow_turing_machine.go:38.33,40.20 2 1
C:\Users\Costa\Documents\Google\Public\postfixcalculator\src\rpn_slow_turing_machine.go:43.6,43.22 1 1
C:\Users\Costa\Documents\Google\Public\postfixcalculator\src\rpn_slow_turing_machine.go:40.20,41.37 1 0
C:\Users\Costa\Documents\Google\Public\postfixcalculator\src\rpn_slow_turing_machine.go:47.19,50.5 1 1
C:\Users\Costa\Documents\Google\Public\postfixcalculator\src\rpn_slow_turing_machine.go:50.10,56.37 4 1
C:\Users\Costa\Documents\Google\Public\postfixcalculator\src\rpn_slow_turing_machine.go:67.5,68.14 2 1
C:\Users\Costa\Documents\Google\Public\postfixcalculator\src\rpn_slow_turing_machine.go:56.37,57.25 1 1
C:\Users\Costa\Documents\Google\Public\postfixcalculator\src\rpn_slow_turing_machine.go:57.25,59.7 1 1
C:\Users\Costa\Documents\Google\Public\postfixcalculator\src\rpn_slow_turing_machine.go:59.12,59.34 1 1
C:\Users\Costa\Documents\Google\Public\postfixcalculator\src\rpn_slow_turing_machine.go:59.34,61.21 2 1
C:\Users\Costa\Documents\Google\Public\postfixcalculator\src\rpn_slow_turing_machine.go:64.7,64.23 1 1
C:\Users\Costa\Documents\Google\Public\postfixcalculator\src\rpn_slow_turing_machine.go:61.21,62.37 1 0
C:\Users\Costa\Documents\Google\Public\postfixcalculator\src\rpn_slow_turing_machine.go:69.14,70.35 1 1
C:\Users\Costa\Documents\Google\Public\postfixcalculator\src\rpn_slow_turing_machine.go:71.14,72.35 1 1
C:\Users\Costa\Documents\Google\Public\postfixcalculator\src\rpn_slow_turing_machine.go:73.14,74.35 1 1
C:\Users\Costa\Documents\Google\Public\postfixcalculator\src\rpn_slow_turing_machine.go:75.14,76.35 1 1
C:\Users\Costa\Documents\Google\Public\postfixcalculator\src\rpn_slow_turing_machine.go:77.14,78.44 1 1
C:\Users\Costa\Documents\Google\Public\postfixcalculator\src\rpn_slow_turing_machine.go:79.13,80.38 1 0
C:\Users\Costa\Documents\Google\Public\postfixcalculator\src\rpn_slow_turing_machine.go:86.9,88.4 1 1
C:\Users\Costa\Documents\Google\Public\postfixcalculator\src\rpn_stack.go:12.37,15.44 3 1
C:\Users\Costa\Documents\Google\Public\postfixcalculator\src\rpn_stack.go:40.2,40.39 1 1
C:\Users\Costa\Documents\Google\Public\postfixcalculator\src\rpn_stack.go:15.44,16.14 1 1
C:\Users\Costa\Documents\Google\Public\postfixcalculator\src\rpn_stack.go:17.12,18.85 1 1
C:\Users\Costa\Documents\Google\Public\postfixcalculator\src\rpn_stack.go:19.12,20.86 1 1
C:\Users\Costa\Documents\Google\Public\postfixcalculator\src\rpn_stack.go:21.12,22.85 1 1
C:\Users\Costa\Documents\Google\Public\postfixcalculator\src\rpn_stack.go:23.12,24.89 1 1
C:\Users\Costa\Documents\Google\Public\postfixcalculator\src\rpn_stack.go:25.12,27.68 2 1
C:\Users\Costa\Documents\Google\Public\postfixcalculator\src\rpn_stack.go:30.15,31.64 1 1
C:\Users\Costa\Documents\Google\Public\postfixcalculator\src\rpn_stack.go:32.11,34.18 2 1
C:\Users\Costa\Documents\Google\Public\postfixcalculator\src\rpn_stack.go:37.4,37.25 1 1
C:\Users\Costa\Documents\Google\Public\postfixcalculator\src\rpn_stack.go:34.18,35.53 1 0
C:\Users\Costa\Documents\Google\Public\postfixcalculator\src\rpn_turing_machine.go:20.48,25.30 4 1
C:\Users\Costa\Documents\Google\Public\postfixcalculator\src\rpn_turing_machine.go:85.2,85.19 1 1
C:\Users\Costa\Documents\Google\Public\postfixcalculator\src\rpn_turing_machine.go:25.30,26.41 1 1
C:\Users\Costa\Documents\Google\Public\postfixcalculator\src\rpn_turing_machine.go:26.41,33.36 2 1
C:\Users\Costa\Documents\Google\Public\postfixcalculator\src\rpn_turing_machine.go:44.4,44.19 1 1
C:\Users\Costa\Documents\Google\Public\postfixcalculator\src\rpn_turing_machine.go:78.4,80.13 2 1
C:\Users\Costa\Documents\Google\Public\postfixcalculator\src\rpn_turing_machine.go:33.36,34.24 1 1
C:\Users\Costa\Documents\Google\Public\postfixcalculator\src\rpn_turing_machine.go:34.24,37.6 1 1
C:\Users\Costa\Documents\Google\Public\postfixcalculator\src\rpn_turing_machine.go:37.11,37.78 1 1
C:\Users\Costa\Documents\Google\Public\postfixcalculator\src\rpn_turing_machine.go:37.78,38.36 1 0
C:\Users\Costa\Documents\Google\Public\postfixcalculator\src\rpn_turing_machine.go:39.11,41.6 1 1
C:\Users\Costa\Documents\Google\Public\postfixcalculator\src\rpn_turing_machine.go:44.19,47.5 1 1
C:\Users\Costa\Documents\Google\Public\postfixcalculator\src\rpn_turing_machine.go:47.10,54.37 4 1
C:\Users\Costa\Documents\Google\Public\postfixcalculator\src\rpn_turing_machine.go:63.5,63.14 1 1
C:\Users\Costa\Documents\Google\Public\postfixcalculator\src\rpn_turing_machine.go:54.37,55.25 1 1
C:\Users\Costa\Documents\Google\Public\postfixcalculator\src\rpn_turing_machine.go:55.25,57.7 1 1
C:\Users\Costa\Documents\Google\Public\postfixcalculator\src\rpn_turing_machine.go:57.12,57.79 1 1
C:\Users\Costa\Documents\Google\Public\postfixcalculator\src\rpn_turing_machine.go:57.79,58.36 1 0
C:\Users\Costa\Documents\Google\Public\postfixcalculator\src\rpn_turing_machine.go:59.12,61.7 1 1
C:\Users\Costa\Documents\Google\Public\postfixcalculator\src\rpn_turing_machine.go:64.14,65.22 1 1
C:\Users\Costa\Documents\Google\Public\postfixcalculator\src\rpn_turing_machine.go:66.14,67.22 1 1
C:\Users\Costa\Documents\Google\Public\postfixcalculator\src\rpn_turing_machine.go:68.14,69.22 1 1
C:\Users\Costa\Documents\Google\Public\postfixcalculator\src\rpn_turing_machine.go:70.14,71.22 1 1
C:\Users\Costa\Documents\Google\Public\postfixcalculator\src\rpn_turing_machine.go:72.14,73.43 1 1
C:\Users\Costa\Documents\Google\Public\postfixcalculator\src\rpn_turing_machine.go:74.13,75.38 1 0
